0 info it worked if it ends with ok
1 verbose cli [ '/Users/yun/.nvm/versions/node/v6.10.2/bin/node',
1 verbose cli   '/Users/yun/.nvm/versions/node/v6.10.2/bin/npm',
1 verbose cli   'update' ]
2 info using npm@3.10.10
3 info using node@v6.10.2
4 silly mapToRegistry name babel-core
5 silly mapToRegistry using default registry
6 silly mapToRegistry registry https://npm.vip.global.square/
7 silly mapToRegistry data Result {
7 silly mapToRegistry   raw: 'babel-core',
7 silly mapToRegistry   scope: null,
7 silly mapToRegistry   escapedName: 'babel-core',
7 silly mapToRegistry   name: 'babel-core',
7 silly mapToRegistry   rawSpec: '',
7 silly mapToRegistry   spec: 'latest',
7 silly mapToRegistry   type: 'tag' }
8 silly mapToRegistry uri https://npm.vip.global.square/babel-core
9 silly mapToRegistry name babel-loader
10 silly mapToRegistry using default registry
11 silly mapToRegistry registry https://npm.vip.global.square/
12 silly mapToRegistry data Result {
12 silly mapToRegistry   raw: 'babel-loader',
12 silly mapToRegistry   scope: null,
12 silly mapToRegistry   escapedName: 'babel-loader',
12 silly mapToRegistry   name: 'babel-loader',
12 silly mapToRegistry   rawSpec: '',
12 silly mapToRegistry   spec: 'latest',
12 silly mapToRegistry   type: 'tag' }
13 silly mapToRegistry uri https://npm.vip.global.square/babel-loader
14 silly mapToRegistry name babel-preset-es2015
15 silly mapToRegistry using default registry
16 silly mapToRegistry registry https://npm.vip.global.square/
17 silly mapToRegistry data Result {
17 silly mapToRegistry   raw: 'babel-preset-es2015',
17 silly mapToRegistry   scope: null,
17 silly mapToRegistry   escapedName: 'babel-preset-es2015',
17 silly mapToRegistry   name: 'babel-preset-es2015',
17 silly mapToRegistry   rawSpec: '',
17 silly mapToRegistry   spec: 'latest',
17 silly mapToRegistry   type: 'tag' }
18 silly mapToRegistry uri https://npm.vip.global.square/babel-preset-es2015
19 silly mapToRegistry name babel-preset-react
20 silly mapToRegistry using default registry
21 silly mapToRegistry registry https://npm.vip.global.square/
22 silly mapToRegistry data Result {
22 silly mapToRegistry   raw: 'babel-preset-react',
22 silly mapToRegistry   scope: null,
22 silly mapToRegistry   escapedName: 'babel-preset-react',
22 silly mapToRegistry   name: 'babel-preset-react',
22 silly mapToRegistry   rawSpec: '',
22 silly mapToRegistry   spec: 'latest',
22 silly mapToRegistry   type: 'tag' }
23 silly mapToRegistry uri https://npm.vip.global.square/babel-preset-react
24 silly mapToRegistry name babel-preset-stage-0
25 silly mapToRegistry using default registry
26 silly mapToRegistry registry https://npm.vip.global.square/
27 silly mapToRegistry data Result {
27 silly mapToRegistry   raw: 'babel-preset-stage-0',
27 silly mapToRegistry   scope: null,
27 silly mapToRegistry   escapedName: 'babel-preset-stage-0',
27 silly mapToRegistry   name: 'babel-preset-stage-0',
27 silly mapToRegistry   rawSpec: '',
27 silly mapToRegistry   spec: 'latest',
27 silly mapToRegistry   type: 'tag' }
28 silly mapToRegistry uri https://npm.vip.global.square/babel-preset-stage-0
29 silly mapToRegistry name css-loader
30 silly mapToRegistry using default registry
31 silly mapToRegistry registry https://npm.vip.global.square/
32 silly mapToRegistry data Result {
32 silly mapToRegistry   raw: 'css-loader',
32 silly mapToRegistry   scope: null,
32 silly mapToRegistry   escapedName: 'css-loader',
32 silly mapToRegistry   name: 'css-loader',
32 silly mapToRegistry   rawSpec: '',
32 silly mapToRegistry   spec: 'latest',
32 silly mapToRegistry   type: 'tag' }
33 silly mapToRegistry uri https://npm.vip.global.square/css-loader
34 silly mapToRegistry name d3
35 silly mapToRegistry using default registry
36 silly mapToRegistry registry https://npm.vip.global.square/
37 silly mapToRegistry data Result {
37 silly mapToRegistry   raw: 'd3',
37 silly mapToRegistry   scope: null,
37 silly mapToRegistry   escapedName: 'd3',
37 silly mapToRegistry   name: 'd3',
37 silly mapToRegistry   rawSpec: '',
37 silly mapToRegistry   spec: 'latest',
37 silly mapToRegistry   type: 'tag' }
38 silly mapToRegistry uri https://npm.vip.global.square/d3
39 silly mapToRegistry name d3-tip
40 silly mapToRegistry using default registry
41 silly mapToRegistry registry https://npm.vip.global.square/
42 silly mapToRegistry data Result {
42 silly mapToRegistry   raw: 'd3-tip',
42 silly mapToRegistry   scope: null,
42 silly mapToRegistry   escapedName: 'd3-tip',
42 silly mapToRegistry   name: 'd3-tip',
42 silly mapToRegistry   rawSpec: '',
42 silly mapToRegistry   spec: 'latest',
42 silly mapToRegistry   type: 'tag' }
43 silly mapToRegistry uri https://npm.vip.global.square/d3-tip
44 silly mapToRegistry name immutability-helper
45 silly mapToRegistry using default registry
46 silly mapToRegistry registry https://npm.vip.global.square/
47 silly mapToRegistry data Result {
47 silly mapToRegistry   raw: 'immutability-helper',
47 silly mapToRegistry   scope: null,
47 silly mapToRegistry   escapedName: 'immutability-helper',
47 silly mapToRegistry   name: 'immutability-helper',
47 silly mapToRegistry   rawSpec: '',
47 silly mapToRegistry   spec: 'latest',
47 silly mapToRegistry   type: 'tag' }
48 silly mapToRegistry uri https://npm.vip.global.square/immutability-helper
49 silly mapToRegistry name lodash
50 silly mapToRegistry using default registry
51 silly mapToRegistry registry https://npm.vip.global.square/
52 silly mapToRegistry data Result {
52 silly mapToRegistry   raw: 'lodash',
52 silly mapToRegistry   scope: null,
52 silly mapToRegistry   escapedName: 'lodash',
52 silly mapToRegistry   name: 'lodash',
52 silly mapToRegistry   rawSpec: '',
52 silly mapToRegistry   spec: 'latest',
52 silly mapToRegistry   type: 'tag' }
53 silly mapToRegistry uri https://npm.vip.global.square/lodash
54 silly mapToRegistry name react
55 silly mapToRegistry using default registry
56 silly mapToRegistry registry https://npm.vip.global.square/
57 silly mapToRegistry data Result {
57 silly mapToRegistry   raw: 'react',
57 silly mapToRegistry   scope: null,
57 silly mapToRegistry   escapedName: 'react',
57 silly mapToRegistry   name: 'react',
57 silly mapToRegistry   rawSpec: '',
57 silly mapToRegistry   spec: 'latest',
57 silly mapToRegistry   type: 'tag' }
58 silly mapToRegistry uri https://npm.vip.global.square/react
59 silly mapToRegistry name react-dom
60 silly mapToRegistry using default registry
61 silly mapToRegistry registry https://npm.vip.global.square/
62 silly mapToRegistry data Result {
62 silly mapToRegistry   raw: 'react-dom',
62 silly mapToRegistry   scope: null,
62 silly mapToRegistry   escapedName: 'react-dom',
62 silly mapToRegistry   name: 'react-dom',
62 silly mapToRegistry   rawSpec: '',
62 silly mapToRegistry   spec: 'latest',
62 silly mapToRegistry   type: 'tag' }
63 silly mapToRegistry uri https://npm.vip.global.square/react-dom
64 silly mapToRegistry name react-table
65 silly mapToRegistry using default registry
66 silly mapToRegistry registry https://npm.vip.global.square/
67 silly mapToRegistry data Result {
67 silly mapToRegistry   raw: 'react-table',
67 silly mapToRegistry   scope: null,
67 silly mapToRegistry   escapedName: 'react-table',
67 silly mapToRegistry   name: 'react-table',
67 silly mapToRegistry   rawSpec: '',
67 silly mapToRegistry   spec: 'latest',
67 silly mapToRegistry   type: 'tag' }
68 silly mapToRegistry uri https://npm.vip.global.square/react-table
69 silly mapToRegistry name style-loader
70 silly mapToRegistry using default registry
71 silly mapToRegistry registry https://npm.vip.global.square/
72 silly mapToRegistry data Result {
72 silly mapToRegistry   raw: 'style-loader',
72 silly mapToRegistry   scope: null,
72 silly mapToRegistry   escapedName: 'style-loader',
72 silly mapToRegistry   name: 'style-loader',
72 silly mapToRegistry   rawSpec: '',
72 silly mapToRegistry   spec: 'latest',
72 silly mapToRegistry   type: 'tag' }
73 silly mapToRegistry uri https://npm.vip.global.square/style-loader
74 silly mapToRegistry name uuid
75 silly mapToRegistry using default registry
76 silly mapToRegistry registry https://npm.vip.global.square/
77 silly mapToRegistry data Result {
77 silly mapToRegistry   raw: 'uuid',
77 silly mapToRegistry   scope: null,
77 silly mapToRegistry   escapedName: 'uuid',
77 silly mapToRegistry   name: 'uuid',
77 silly mapToRegistry   rawSpec: '',
77 silly mapToRegistry   spec: 'latest',
77 silly mapToRegistry   type: 'tag' }
78 silly mapToRegistry uri https://npm.vip.global.square/uuid
79 silly mapToRegistry name webpack
80 silly mapToRegistry using default registry
81 silly mapToRegistry registry https://npm.vip.global.square/
82 silly mapToRegistry data Result {
82 silly mapToRegistry   raw: 'webpack',
82 silly mapToRegistry   scope: null,
82 silly mapToRegistry   escapedName: 'webpack',
82 silly mapToRegistry   name: 'webpack',
82 silly mapToRegistry   rawSpec: '',
82 silly mapToRegistry   spec: 'latest',
82 silly mapToRegistry   type: 'tag' }
83 silly mapToRegistry uri https://npm.vip.global.square/webpack
84 verbose request uri https://npm.vip.global.square/babel-preset-react
85 verbose request no auth needed
86 info attempt registry request try #1 at 12:22:53 PM
87 verbose request id ed9d27559a845a69
88 verbose etag "0a0d07424ea4cbcb1692548247ec975e"
89 http request GET https://npm.vip.global.square/babel-preset-react
90 verbose request uri https://npm.vip.global.square/babel-core
91 verbose request no auth needed
92 info attempt registry request try #1 at 12:22:53 PM
93 verbose etag "024d2a1603c6088a3c5a2d8c16021bda"
94 http request GET https://npm.vip.global.square/babel-core
95 verbose request uri https://npm.vip.global.square/babel-loader
96 verbose request no auth needed
97 info attempt registry request try #1 at 12:22:53 PM
98 verbose etag "7bac29d3556cdb137d542cf7639393ed"
99 http request GET https://npm.vip.global.square/babel-loader
100 verbose request uri https://npm.vip.global.square/babel-preset-es2015
101 verbose request no auth needed
102 info attempt registry request try #1 at 12:22:53 PM
103 verbose etag "c1b287030b86846450fe289116ddb95e"
104 http request GET https://npm.vip.global.square/babel-preset-es2015
105 verbose request uri https://npm.vip.global.square/d3-tip
106 verbose request no auth needed
107 info attempt registry request try #1 at 12:22:53 PM
108 verbose etag "03b8ad433985605da6d826fd9ab57f3a"
109 http request GET https://npm.vip.global.square/d3-tip
110 verbose request uri https://npm.vip.global.square/babel-preset-stage-0
111 verbose request no auth needed
112 info attempt registry request try #1 at 12:22:53 PM
113 verbose etag "b735f4c4c0df143ddf835f573fa912c9"
114 http request GET https://npm.vip.global.square/babel-preset-stage-0
115 verbose request uri https://npm.vip.global.square/immutability-helper
116 verbose request no auth needed
117 info attempt registry request try #1 at 12:22:53 PM
118 verbose etag "6d3ee474b49de7fa95923619e7d292ae"
119 http request GET https://npm.vip.global.square/immutability-helper
120 verbose request uri https://npm.vip.global.square/d3
121 verbose request no auth needed
122 info attempt registry request try #1 at 12:22:53 PM
123 verbose etag "2239b737274903097021f30e3c8b8c38"
124 http request GET https://npm.vip.global.square/d3
125 verbose request uri https://npm.vip.global.square/lodash
126 verbose request no auth needed
127 info attempt registry request try #1 at 12:22:53 PM
128 verbose etag "a4b3cb906c54e45b80d6282207ccd93c"
129 http request GET https://npm.vip.global.square/lodash
130 verbose request uri https://npm.vip.global.square/react
131 verbose request no auth needed
132 info attempt registry request try #1 at 12:22:53 PM
133 verbose etag "b60c37a9735ebdd167fd2d9d43ad0130"
134 http request GET https://npm.vip.global.square/react
135 verbose request uri https://npm.vip.global.square/react-dom
136 verbose request no auth needed
137 info attempt registry request try #1 at 12:22:53 PM
138 verbose etag "0ad782fadefcd01e9cd1e3680378d43f"
139 http request GET https://npm.vip.global.square/react-dom
140 verbose request uri https://npm.vip.global.square/css-loader
141 verbose request no auth needed
142 info attempt registry request try #1 at 12:22:53 PM
143 verbose etag "c4647380706b232ad8f772c81246da0b"
144 http request GET https://npm.vip.global.square/css-loader
145 verbose request uri https://npm.vip.global.square/uuid
146 verbose request no auth needed
147 info attempt registry request try #1 at 12:22:53 PM
148 verbose etag "38350d9b3384466dcd6f65bc37a0b56f"
149 http request GET https://npm.vip.global.square/uuid
150 verbose request uri https://npm.vip.global.square/style-loader
151 verbose request no auth needed
152 info attempt registry request try #1 at 12:22:53 PM
153 verbose etag "e8181d63c0bae6573f6e2acd55d26478"
154 http request GET https://npm.vip.global.square/style-loader
155 verbose request uri https://npm.vip.global.square/react-table
156 verbose request no auth needed
157 info attempt registry request try #1 at 12:22:53 PM
158 verbose etag "44291ebb01041ac4e4c68c0446148f61"
159 http request GET https://npm.vip.global.square/react-table
160 verbose request uri https://npm.vip.global.square/webpack
161 verbose request no auth needed
162 info attempt registry request try #1 at 12:22:53 PM
163 verbose etag "c17a13f40e5bbca08d62990f9f4c33b6"
164 http request GET https://npm.vip.global.square/webpack
165 http 304 https://npm.vip.global.square/babel-preset-stage-0
166 verbose headers { connection: 'keep-alive',
166 verbose headers   status: '304 Not Modified',
166 verbose headers   'x-powered-by': 'verdaccio/2.1.5, Phusion Passenger 5.0.16',
166 verbose headers   date: 'Sun, 03 Jun 2018 19:22:53 GMT',
166 verbose headers   etag: '"b735f4c4c0df143ddf835f573fa912c9"',
166 verbose headers   'x-status-cat': 'http://flic.kr/p/aXY3dH',
166 verbose headers   server: 'nginx + Phusion Passenger 5.0.16',
166 verbose headers   'content-security-policy': 'upgrade-insecure-requests' }
167 silly get cb [ 304,
167 silly get   { connection: 'keep-alive',
167 silly get     status: '304 Not Modified',
167 silly get     'x-powered-by': 'verdaccio/2.1.5, Phusion Passenger 5.0.16',
167 silly get     date: 'Sun, 03 Jun 2018 19:22:53 GMT',
167 silly get     etag: '"b735f4c4c0df143ddf835f573fa912c9"',
167 silly get     'x-status-cat': 'http://flic.kr/p/aXY3dH',
167 silly get     server: 'nginx + Phusion Passenger 5.0.16',
167 silly get     'content-security-policy': 'upgrade-insecure-requests' } ]
168 verbose etag https://npm.vip.global.square/babel-preset-stage-0 from cache
169 verbose get saving babel-preset-stage-0 to /Users/yun/.npm/npm.vip.global.square/babel-preset-stage-0/.cache.json
170 verbose correctMkdir /Users/yun/.npm correctMkdir not in flight; initializing
171 http 200 https://npm.vip.global.square/immutability-helper
172 verbose headers { 'content-type': 'application/json; charset=utf-8',
172 verbose headers   'transfer-encoding': 'chunked',
172 verbose headers   connection: 'keep-alive',
172 verbose headers   status: '200 OK',
172 verbose headers   'x-powered-by': 'verdaccio/2.1.5, Phusion Passenger 5.0.16',
172 verbose headers   date: 'Sun, 03 Jun 2018 19:22:53 GMT',
172 verbose headers   vary: 'Accept-Encoding',
172 verbose headers   'content-encoding': 'gzip',
172 verbose headers   etag: '"645c0127e26c214d14a034a456804ff0"',
172 verbose headers   'x-status-cat': 'http://flic.kr/p/aVuVsF',
172 verbose headers   server: 'nginx + Phusion Passenger 5.0.16',
172 verbose headers   'content-security-policy': 'upgrade-insecure-requests' }
173 silly get cb [ 200,
173 silly get   { 'content-type': 'application/json; charset=utf-8',
173 silly get     'transfer-encoding': 'chunked',
173 silly get     connection: 'keep-alive',
173 silly get     status: '200 OK',
173 silly get     'x-powered-by': 'verdaccio/2.1.5, Phusion Passenger 5.0.16',
173 silly get     date: 'Sun, 03 Jun 2018 19:22:53 GMT',
173 silly get     vary: 'Accept-Encoding',
173 silly get     'content-encoding': 'gzip',
173 silly get     etag: '"645c0127e26c214d14a034a456804ff0"',
173 silly get     'x-status-cat': 'http://flic.kr/p/aVuVsF',
173 silly get     server: 'nginx + Phusion Passenger 5.0.16',
173 silly get     'content-security-policy': 'upgrade-insecure-requests' } ]
174 verbose get saving immutability-helper to /Users/yun/.npm/npm.vip.global.square/immutability-helper/.cache.json
175 verbose correctMkdir /Users/yun/.npm correctMkdir not in flight; initializing
176 http 304 https://npm.vip.global.square/babel-preset-react
177 verbose headers { connection: 'keep-alive',
177 verbose headers   status: '304 Not Modified',
177 verbose headers   'x-powered-by': 'verdaccio/2.1.5, Phusion Passenger 5.0.16',
177 verbose headers   date: 'Sun, 03 Jun 2018 19:22:53 GMT',
177 verbose headers   etag: '"0a0d07424ea4cbcb1692548247ec975e"',
177 verbose headers   'x-status-cat': 'http://flic.kr/p/aXY3dH',
177 verbose headers   server: 'nginx + Phusion Passenger 5.0.16',
177 verbose headers   'content-security-policy': 'upgrade-insecure-requests' }
178 silly get cb [ 304,
178 silly get   { connection: 'keep-alive',
178 silly get     status: '304 Not Modified',
178 silly get     'x-powered-by': 'verdaccio/2.1.5, Phusion Passenger 5.0.16',
178 silly get     date: 'Sun, 03 Jun 2018 19:22:53 GMT',
178 silly get     etag: '"0a0d07424ea4cbcb1692548247ec975e"',
178 silly get     'x-status-cat': 'http://flic.kr/p/aXY3dH',
178 silly get     server: 'nginx + Phusion Passenger 5.0.16',
178 silly get     'content-security-policy': 'upgrade-insecure-requests' } ]
179 verbose etag https://npm.vip.global.square/babel-preset-react from cache
180 verbose get saving babel-preset-react to /Users/yun/.npm/npm.vip.global.square/babel-preset-react/.cache.json
181 verbose correctMkdir /Users/yun/.npm correctMkdir not in flight; initializing
182 http 304 https://npm.vip.global.square/babel-loader
183 verbose headers { connection: 'keep-alive',
183 verbose headers   status: '304 Not Modified',
183 verbose headers   'x-powered-by': 'verdaccio/2.1.5, Phusion Passenger 5.0.16',
183 verbose headers   date: 'Sun, 03 Jun 2018 19:22:53 GMT',
183 verbose headers   etag: '"7bac29d3556cdb137d542cf7639393ed"',
183 verbose headers   'x-status-cat': 'http://flic.kr/p/aXY3dH',
183 verbose headers   server: 'nginx + Phusion Passenger 5.0.16',
183 verbose headers   'content-security-policy': 'upgrade-insecure-requests' }
184 silly get cb [ 304,
184 silly get   { connection: 'keep-alive',
184 silly get     status: '304 Not Modified',
184 silly get     'x-powered-by': 'verdaccio/2.1.5, Phusion Passenger 5.0.16',
184 silly get     date: 'Sun, 03 Jun 2018 19:22:53 GMT',
184 silly get     etag: '"7bac29d3556cdb137d542cf7639393ed"',
184 silly get     'x-status-cat': 'http://flic.kr/p/aXY3dH',
184 silly get     server: 'nginx + Phusion Passenger 5.0.16',
184 silly get     'content-security-policy': 'upgrade-insecure-requests' } ]
185 verbose etag https://npm.vip.global.square/babel-loader from cache
186 verbose get saving babel-loader to /Users/yun/.npm/npm.vip.global.square/babel-loader/.cache.json
187 verbose correctMkdir /Users/yun/.npm correctMkdir not in flight; initializing
188 http 304 https://npm.vip.global.square/babel-preset-es2015
189 verbose headers { connection: 'keep-alive',
189 verbose headers   status: '304 Not Modified',
189 verbose headers   'x-powered-by': 'verdaccio/2.1.5, Phusion Passenger 5.0.16',
189 verbose headers   date: 'Sun, 03 Jun 2018 19:22:53 GMT',
189 verbose headers   etag: '"c1b287030b86846450fe289116ddb95e"',
189 verbose headers   'x-status-cat': 'http://flic.kr/p/aXY3dH',
189 verbose headers   server: 'nginx + Phusion Passenger 5.0.16',
189 verbose headers   'content-security-policy': 'upgrade-insecure-requests' }
190 silly get cb [ 304,
190 silly get   { connection: 'keep-alive',
190 silly get     status: '304 Not Modified',
190 silly get     'x-powered-by': 'verdaccio/2.1.5, Phusion Passenger 5.0.16',
190 silly get     date: 'Sun, 03 Jun 2018 19:22:53 GMT',
190 silly get     etag: '"c1b287030b86846450fe289116ddb95e"',
190 silly get     'x-status-cat': 'http://flic.kr/p/aXY3dH',
190 silly get     server: 'nginx + Phusion Passenger 5.0.16',
190 silly get     'content-security-policy': 'upgrade-insecure-requests' } ]
191 verbose etag https://npm.vip.global.square/babel-preset-es2015 from cache
192 verbose get saving babel-preset-es2015 to /Users/yun/.npm/npm.vip.global.square/babel-preset-es2015/.cache.json
193 verbose correctMkdir /Users/yun/.npm correctMkdir not in flight; initializing
194 http 304 https://npm.vip.global.square/react-dom
195 verbose headers { connection: 'keep-alive',
195 verbose headers   status: '304 Not Modified',
195 verbose headers   date: 'Sun, 03 Jun 2018 19:22:53 GMT',
195 verbose headers   'x-powered-by': 'verdaccio/2.1.5, Phusion Passenger 5.0.16',
195 verbose headers   etag: '"0ad782fadefcd01e9cd1e3680378d43f"',
195 verbose headers   'x-status-cat': 'http://flic.kr/p/aXY3dH',
195 verbose headers   server: 'nginx + Phusion Passenger 5.0.16',
195 verbose headers   'content-security-policy': 'upgrade-insecure-requests' }
196 silly get cb [ 304,
196 silly get   { connection: 'keep-alive',
196 silly get     status: '304 Not Modified',
196 silly get     date: 'Sun, 03 Jun 2018 19:22:53 GMT',
196 silly get     'x-powered-by': 'verdaccio/2.1.5, Phusion Passenger 5.0.16',
196 silly get     etag: '"0ad782fadefcd01e9cd1e3680378d43f"',
196 silly get     'x-status-cat': 'http://flic.kr/p/aXY3dH',
196 silly get     server: 'nginx + Phusion Passenger 5.0.16',
196 silly get     'content-security-policy': 'upgrade-insecure-requests' } ]
197 verbose etag https://npm.vip.global.square/react-dom from cache
198 verbose get saving react-dom to /Users/yun/.npm/npm.vip.global.square/react-dom/.cache.json
199 verbose correctMkdir /Users/yun/.npm correctMkdir not in flight; initializing
200 http 304 https://npm.vip.global.square/d3
201 verbose headers { connection: 'keep-alive',
201 verbose headers   status: '304 Not Modified',
201 verbose headers   'x-powered-by': 'verdaccio/2.1.5, Phusion Passenger 5.0.16',
201 verbose headers   date: 'Sun, 03 Jun 2018 19:22:53 GMT',
201 verbose headers   etag: '"2239b737274903097021f30e3c8b8c38"',
201 verbose headers   'x-status-cat': 'http://flic.kr/p/aXY3dH',
201 verbose headers   server: 'nginx + Phusion Passenger 5.0.16',
201 verbose headers   'content-security-policy': 'upgrade-insecure-requests' }
202 silly get cb [ 304,
202 silly get   { connection: 'keep-alive',
202 silly get     status: '304 Not Modified',
202 silly get     'x-powered-by': 'verdaccio/2.1.5, Phusion Passenger 5.0.16',
202 silly get     date: 'Sun, 03 Jun 2018 19:22:53 GMT',
202 silly get     etag: '"2239b737274903097021f30e3c8b8c38"',
202 silly get     'x-status-cat': 'http://flic.kr/p/aXY3dH',
202 silly get     server: 'nginx + Phusion Passenger 5.0.16',
202 silly get     'content-security-policy': 'upgrade-insecure-requests' } ]
203 verbose etag https://npm.vip.global.square/d3 from cache
204 verbose get saving d3 to /Users/yun/.npm/npm.vip.global.square/d3/.cache.json
205 verbose correctMkdir /Users/yun/.npm correctMkdir not in flight; initializing
206 http 304 https://npm.vip.global.square/uuid
207 verbose headers { connection: 'keep-alive',
207 verbose headers   status: '304 Not Modified',
207 verbose headers   'x-powered-by': 'verdaccio/2.1.5, Phusion Passenger 5.0.16',
207 verbose headers   date: 'Sun, 03 Jun 2018 19:22:53 GMT',
207 verbose headers   etag: '"38350d9b3384466dcd6f65bc37a0b56f"',
207 verbose headers   'x-status-cat': 'http://flic.kr/p/aXY3dH',
207 verbose headers   server: 'nginx + Phusion Passenger 5.0.16',
207 verbose headers   'content-security-policy': 'upgrade-insecure-requests' }
208 silly get cb [ 304,
208 silly get   { connection: 'keep-alive',
208 silly get     status: '304 Not Modified',
208 silly get     'x-powered-by': 'verdaccio/2.1.5, Phusion Passenger 5.0.16',
208 silly get     date: 'Sun, 03 Jun 2018 19:22:53 GMT',
208 silly get     etag: '"38350d9b3384466dcd6f65bc37a0b56f"',
208 silly get     'x-status-cat': 'http://flic.kr/p/aXY3dH',
208 silly get     server: 'nginx + Phusion Passenger 5.0.16',
208 silly get     'content-security-policy': 'upgrade-insecure-requests' } ]
209 verbose etag https://npm.vip.global.square/uuid from cache
210 verbose get saving uuid to /Users/yun/.npm/npm.vip.global.square/uuid/.cache.json
211 verbose correctMkdir /Users/yun/.npm correctMkdir not in flight; initializing
212 http 200 https://npm.vip.global.square/style-loader
213 verbose headers { 'content-type': 'application/json; charset=utf-8',
213 verbose headers   'transfer-encoding': 'chunked',
213 verbose headers   connection: 'keep-alive',
213 verbose headers   status: '200 OK',
213 verbose headers   'x-powered-by': 'verdaccio/2.1.5, Phusion Passenger 5.0.16',
213 verbose headers   date: 'Sun, 03 Jun 2018 19:22:53 GMT',
213 verbose headers   vary: 'Accept-Encoding',
213 verbose headers   'content-encoding': 'gzip',
213 verbose headers   etag: '"54ec4636e02d4d0fa140d45a6a4c2117"',
213 verbose headers   'x-status-cat': 'http://flic.kr/p/aVuVsF',
213 verbose headers   server: 'nginx + Phusion Passenger 5.0.16',
213 verbose headers   'content-security-policy': 'upgrade-insecure-requests' }
214 silly get cb [ 200,
214 silly get   { 'content-type': 'application/json; charset=utf-8',
214 silly get     'transfer-encoding': 'chunked',
214 silly get     connection: 'keep-alive',
214 silly get     status: '200 OK',
214 silly get     'x-powered-by': 'verdaccio/2.1.5, Phusion Passenger 5.0.16',
214 silly get     date: 'Sun, 03 Jun 2018 19:22:53 GMT',
214 silly get     vary: 'Accept-Encoding',
214 silly get     'content-encoding': 'gzip',
214 silly get     etag: '"54ec4636e02d4d0fa140d45a6a4c2117"',
214 silly get     'x-status-cat': 'http://flic.kr/p/aVuVsF',
214 silly get     server: 'nginx + Phusion Passenger 5.0.16',
214 silly get     'content-security-policy': 'upgrade-insecure-requests' } ]
215 verbose get saving style-loader to /Users/yun/.npm/npm.vip.global.square/style-loader/.cache.json
216 verbose correctMkdir /Users/yun/.npm correctMkdir not in flight; initializing
217 http 304 https://npm.vip.global.square/babel-core
218 verbose headers { connection: 'keep-alive',
218 verbose headers   status: '304 Not Modified',
218 verbose headers   'x-powered-by': 'verdaccio/2.1.5, Phusion Passenger 5.0.16',
218 verbose headers   date: 'Sun, 03 Jun 2018 19:22:53 GMT',
218 verbose headers   etag: '"024d2a1603c6088a3c5a2d8c16021bda"',
218 verbose headers   'x-status-cat': 'http://flic.kr/p/aXY3dH',
218 verbose headers   server: 'nginx + Phusion Passenger 5.0.16',
218 verbose headers   'content-security-policy': 'upgrade-insecure-requests' }
219 silly get cb [ 304,
219 silly get   { connection: 'keep-alive',
219 silly get     status: '304 Not Modified',
219 silly get     'x-powered-by': 'verdaccio/2.1.5, Phusion Passenger 5.0.16',
219 silly get     date: 'Sun, 03 Jun 2018 19:22:53 GMT',
219 silly get     etag: '"024d2a1603c6088a3c5a2d8c16021bda"',
219 silly get     'x-status-cat': 'http://flic.kr/p/aXY3dH',
219 silly get     server: 'nginx + Phusion Passenger 5.0.16',
219 silly get     'content-security-policy': 'upgrade-insecure-requests' } ]
220 verbose etag https://npm.vip.global.square/babel-core from cache
221 verbose get saving babel-core to /Users/yun/.npm/npm.vip.global.square/babel-core/.cache.json
222 verbose correctMkdir /Users/yun/.npm correctMkdir not in flight; initializing
223 http 304 https://npm.vip.global.square/lodash
224 verbose headers { connection: 'keep-alive',
224 verbose headers   status: '304 Not Modified',
224 verbose headers   'x-powered-by': 'verdaccio/2.1.5, Phusion Passenger 5.0.16',
224 verbose headers   date: 'Sun, 03 Jun 2018 19:22:53 GMT',
224 verbose headers   etag: '"a4b3cb906c54e45b80d6282207ccd93c"',
224 verbose headers   'x-status-cat': 'http://flic.kr/p/aXY3dH',
224 verbose headers   server: 'nginx + Phusion Passenger 5.0.16',
224 verbose headers   'content-security-policy': 'upgrade-insecure-requests' }
225 silly get cb [ 304,
225 silly get   { connection: 'keep-alive',
225 silly get     status: '304 Not Modified',
225 silly get     'x-powered-by': 'verdaccio/2.1.5, Phusion Passenger 5.0.16',
225 silly get     date: 'Sun, 03 Jun 2018 19:22:53 GMT',
225 silly get     etag: '"a4b3cb906c54e45b80d6282207ccd93c"',
225 silly get     'x-status-cat': 'http://flic.kr/p/aXY3dH',
225 silly get     server: 'nginx + Phusion Passenger 5.0.16',
225 silly get     'content-security-policy': 'upgrade-insecure-requests' } ]
226 verbose etag https://npm.vip.global.square/lodash from cache
227 verbose get saving lodash to /Users/yun/.npm/npm.vip.global.square/lodash/.cache.json
228 verbose correctMkdir /Users/yun/.npm correctMkdir not in flight; initializing
229 http 304 https://npm.vip.global.square/react
230 verbose headers { connection: 'keep-alive',
230 verbose headers   status: '304 Not Modified',
230 verbose headers   'x-powered-by': 'verdaccio/2.1.5, Phusion Passenger 5.0.16',
230 verbose headers   date: 'Sun, 03 Jun 2018 19:22:53 GMT',
230 verbose headers   etag: '"b60c37a9735ebdd167fd2d9d43ad0130"',
230 verbose headers   'x-status-cat': 'http://flic.kr/p/aXY3dH',
230 verbose headers   server: 'nginx + Phusion Passenger 5.0.16',
230 verbose headers   'content-security-policy': 'upgrade-insecure-requests' }
231 silly get cb [ 304,
231 silly get   { connection: 'keep-alive',
231 silly get     status: '304 Not Modified',
231 silly get     'x-powered-by': 'verdaccio/2.1.5, Phusion Passenger 5.0.16',
231 silly get     date: 'Sun, 03 Jun 2018 19:22:53 GMT',
231 silly get     etag: '"b60c37a9735ebdd167fd2d9d43ad0130"',
231 silly get     'x-status-cat': 'http://flic.kr/p/aXY3dH',
231 silly get     server: 'nginx + Phusion Passenger 5.0.16',
231 silly get     'content-security-policy': 'upgrade-insecure-requests' } ]
232 verbose etag https://npm.vip.global.square/react from cache
233 verbose get saving react to /Users/yun/.npm/npm.vip.global.square/react/.cache.json
234 verbose correctMkdir /Users/yun/.npm correctMkdir not in flight; initializing
235 http 200 https://npm.vip.global.square/css-loader
236 verbose headers { 'content-type': 'application/json; charset=utf-8',
236 verbose headers   'transfer-encoding': 'chunked',
236 verbose headers   connection: 'keep-alive',
236 verbose headers   status: '200 OK',
236 verbose headers   'x-powered-by': 'verdaccio/2.1.5, Phusion Passenger 5.0.16',
236 verbose headers   date: 'Sun, 03 Jun 2018 19:22:53 GMT',
236 verbose headers   vary: 'Accept-Encoding',
236 verbose headers   'content-encoding': 'gzip',
236 verbose headers   etag: '"d1f450230631e01c4a9deade6f577479"',
236 verbose headers   'x-status-cat': 'http://flic.kr/p/aVuVsF',
236 verbose headers   server: 'nginx + Phusion Passenger 5.0.16',
236 verbose headers   'content-security-policy': 'upgrade-insecure-requests' }
237 silly get cb [ 200,
237 silly get   { 'content-type': 'application/json; charset=utf-8',
237 silly get     'transfer-encoding': 'chunked',
237 silly get     connection: 'keep-alive',
237 silly get     status: '200 OK',
237 silly get     'x-powered-by': 'verdaccio/2.1.5, Phusion Passenger 5.0.16',
237 silly get     date: 'Sun, 03 Jun 2018 19:22:53 GMT',
237 silly get     vary: 'Accept-Encoding',
237 silly get     'content-encoding': 'gzip',
237 silly get     etag: '"d1f450230631e01c4a9deade6f577479"',
237 silly get     'x-status-cat': 'http://flic.kr/p/aVuVsF',
237 silly get     server: 'nginx + Phusion Passenger 5.0.16',
237 silly get     'content-security-policy': 'upgrade-insecure-requests' } ]
238 verbose get saving css-loader to /Users/yun/.npm/npm.vip.global.square/css-loader/.cache.json
239 verbose correctMkdir /Users/yun/.npm correctMkdir not in flight; initializing
240 http 200 https://npm.vip.global.square/react-table
241 verbose headers { 'content-type': 'application/json; charset=utf-8',
241 verbose headers   'transfer-encoding': 'chunked',
241 verbose headers   connection: 'keep-alive',
241 verbose headers   status: '200 OK',
241 verbose headers   'x-powered-by': 'verdaccio/2.1.5, Phusion Passenger 5.0.16',
241 verbose headers   date: 'Sun, 03 Jun 2018 19:22:54 GMT',
241 verbose headers   vary: 'Accept-Encoding',
241 verbose headers   'content-encoding': 'gzip',
241 verbose headers   etag: '"6e1067c888970198cb265a764ef26704"',
241 verbose headers   'x-status-cat': 'http://flic.kr/p/aVuVsF',
241 verbose headers   server: 'nginx + Phusion Passenger 5.0.16',
241 verbose headers   'content-security-policy': 'upgrade-insecure-requests' }
242 silly get cb [ 200,
242 silly get   { 'content-type': 'application/json; charset=utf-8',
242 silly get     'transfer-encoding': 'chunked',
242 silly get     connection: 'keep-alive',
242 silly get     status: '200 OK',
242 silly get     'x-powered-by': 'verdaccio/2.1.5, Phusion Passenger 5.0.16',
242 silly get     date: 'Sun, 03 Jun 2018 19:22:54 GMT',
242 silly get     vary: 'Accept-Encoding',
242 silly get     'content-encoding': 'gzip',
242 silly get     etag: '"6e1067c888970198cb265a764ef26704"',
242 silly get     'x-status-cat': 'http://flic.kr/p/aVuVsF',
242 silly get     server: 'nginx + Phusion Passenger 5.0.16',
242 silly get     'content-security-policy': 'upgrade-insecure-requests' } ]
243 verbose get saving react-table to /Users/yun/.npm/npm.vip.global.square/react-table/.cache.json
244 verbose correctMkdir /Users/yun/.npm correctMkdir not in flight; initializing
245 http 200 https://npm.vip.global.square/d3-tip
246 verbose headers { 'content-type': 'application/json; charset=utf-8',
246 verbose headers   'transfer-encoding': 'chunked',
246 verbose headers   connection: 'keep-alive',
246 verbose headers   status: '200 OK',
246 verbose headers   'x-powered-by': 'verdaccio/2.1.5, Phusion Passenger 5.0.16',
246 verbose headers   date: 'Sun, 03 Jun 2018 19:22:53 GMT',
246 verbose headers   vary: 'Accept-Encoding',
246 verbose headers   'content-encoding': 'gzip',
246 verbose headers   etag: '"b4870177be4e943d8a5705e79b65a720"',
246 verbose headers   'x-status-cat': 'http://flic.kr/p/aVuVsF',
246 verbose headers   server: 'nginx + Phusion Passenger 5.0.16',
246 verbose headers   'content-security-policy': 'upgrade-insecure-requests' }
247 silly get cb [ 200,
247 silly get   { 'content-type': 'application/json; charset=utf-8',
247 silly get     'transfer-encoding': 'chunked',
247 silly get     connection: 'keep-alive',
247 silly get     status: '200 OK',
247 silly get     'x-powered-by': 'verdaccio/2.1.5, Phusion Passenger 5.0.16',
247 silly get     date: 'Sun, 03 Jun 2018 19:22:53 GMT',
247 silly get     vary: 'Accept-Encoding',
247 silly get     'content-encoding': 'gzip',
247 silly get     etag: '"b4870177be4e943d8a5705e79b65a720"',
247 silly get     'x-status-cat': 'http://flic.kr/p/aVuVsF',
247 silly get     server: 'nginx + Phusion Passenger 5.0.16',
247 silly get     'content-security-policy': 'upgrade-insecure-requests' } ]
248 verbose get saving d3-tip to /Users/yun/.npm/npm.vip.global.square/d3-tip/.cache.json
249 verbose correctMkdir /Users/yun/.npm correctMkdir not in flight; initializing
250 http 200 https://npm.vip.global.square/webpack
251 verbose headers { 'content-type': 'application/json; charset=utf-8',
251 verbose headers   'transfer-encoding': 'chunked',
251 verbose headers   connection: 'keep-alive',
251 verbose headers   status: '200 OK',
251 verbose headers   'x-powered-by': 'verdaccio/2.1.5, Phusion Passenger 5.0.16',
251 verbose headers   date: 'Sun, 03 Jun 2018 19:22:53 GMT',
251 verbose headers   vary: 'Accept-Encoding',
251 verbose headers   'content-encoding': 'gzip',
251 verbose headers   etag: '"85d6be802a0b13841ddb577eacb06b39"',
251 verbose headers   'x-status-cat': 'http://flic.kr/p/aVuVsF',
251 verbose headers   server: 'nginx + Phusion Passenger 5.0.16',
251 verbose headers   'content-security-policy': 'upgrade-insecure-requests' }
252 silly get cb [ 200,
252 silly get   { 'content-type': 'application/json; charset=utf-8',
252 silly get     'transfer-encoding': 'chunked',
252 silly get     connection: 'keep-alive',
252 silly get     status: '200 OK',
252 silly get     'x-powered-by': 'verdaccio/2.1.5, Phusion Passenger 5.0.16',
252 silly get     date: 'Sun, 03 Jun 2018 19:22:53 GMT',
252 silly get     vary: 'Accept-Encoding',
252 silly get     'content-encoding': 'gzip',
252 silly get     etag: '"85d6be802a0b13841ddb577eacb06b39"',
252 silly get     'x-status-cat': 'http://flic.kr/p/aVuVsF',
252 silly get     server: 'nginx + Phusion Passenger 5.0.16',
252 silly get     'content-security-policy': 'upgrade-insecure-requests' } ]
253 verbose get saving webpack to /Users/yun/.npm/npm.vip.global.square/webpack/.cache.json
254 verbose correctMkdir /Users/yun/.npm correctMkdir not in flight; initializing
255 silly cache add args [ 'webpack', '^6.11.5' ]
256 verbose cache add spec webpack@^6.11.5
257 silly cache add parsed spec Result {
257 silly cache add   raw: 'webpack@^6.11.5',
257 silly cache add   scope: null,
257 silly cache add   escapedName: 'webpack',
257 silly cache add   name: 'webpack',
257 silly cache add   rawSpec: '^6.11.5',
257 silly cache add   spec: '>=6.11.5 <7.0.0',
257 silly cache add   type: 'range' }
258 silly addNamed webpack@>=6.11.5 <7.0.0
259 verbose addNamed ">=6.11.5 <7.0.0" is a valid semver range for webpack
260 silly addNameRange { name: 'webpack', range: '>=6.11.5 <7.0.0', hasData: false }
261 silly mapToRegistry name webpack
262 silly mapToRegistry using default registry
263 silly mapToRegistry registry https://npm.vip.global.square/
264 silly mapToRegistry data Result {
264 silly mapToRegistry   raw: 'webpack',
264 silly mapToRegistry   scope: null,
264 silly mapToRegistry   escapedName: 'webpack',
264 silly mapToRegistry   name: 'webpack',
264 silly mapToRegistry   rawSpec: '',
264 silly mapToRegistry   spec: 'latest',
264 silly mapToRegistry   type: 'tag' }
265 silly mapToRegistry uri https://npm.vip.global.square/webpack
266 verbose addNameRange registry:https://npm.vip.global.square/webpack not in flight; fetching
267 verbose get https://npm.vip.global.square/webpack not expired, no request
268 silly addNameRange number 2 { name: 'webpack', range: '>=6.11.5 <7.0.0', hasData: true }
269 silly addNameRange versions [ 'webpack',
269 silly addNameRange   [ '0.1.0',
269 silly addNameRange     '0.1.1',
269 silly addNameRange     '0.1.2',
269 silly addNameRange     '0.1.3',
269 silly addNameRange     '0.1.4',
269 silly addNameRange     '0.1.5',
269 silly addNameRange     '0.1.6',
269 silly addNameRange     '0.2.0',
269 silly addNameRange     '0.2.1',
269 silly addNameRange     '0.2.2',
269 silly addNameRange     '0.2.3',
269 silly addNameRange     '0.2.4',
269 silly addNameRange     '0.2.6',
269 silly addNameRange     '0.2.7',
269 silly addNameRange     '0.2.8',
269 silly addNameRange     '0.3.0',
269 silly addNameRange     '0.3.1',
269 silly addNameRange     '0.3.2',
269 silly addNameRange     '0.3.3',
269 silly addNameRange     '0.3.4',
269 silly addNameRange     '0.3.6',
269 silly addNameRange     '0.3.7',
269 silly addNameRange     '0.3.8',
269 silly addNameRange     '0.3.9',
269 silly addNameRange     '0.3.10',
269 silly addNameRange     '0.3.11',
269 silly addNameRange     '0.3.12',
269 silly addNameRange     '0.3.13',
269 silly addNameRange     '0.3.14',
269 silly addNameRange     '0.3.15',
269 silly addNameRange     '0.3.16',
269 silly addNameRange     '0.3.17',
269 silly addNameRange     '0.3.18',
269 silly addNameRange     '0.3.19',
269 silly addNameRange     '0.3.20',
269 silly addNameRange     '0.4.0',
269 silly addNameRange     '0.4.1',
269 silly addNameRange     '0.4.2',
269 silly addNameRange     '0.4.3',
269 silly addNameRange     '0.4.4',
269 silly addNameRange     '0.4.5',
269 silly addNameRange     '0.4.6',
269 silly addNameRange     '0.4.7',
269 silly addNameRange     '0.4.8',
269 silly addNameRange     '0.4.9',
269 silly addNameRange     '0.4.10',
269 silly addNameRange     '0.4.11',
269 silly addNameRange     '0.4.12',
269 silly addNameRange     '0.4.13',
269 silly addNameRange     '0.4.14',
269 silly addNameRange     '0.4.15',
269 silly addNameRange     '0.4.16',
269 silly addNameRange     '0.4.17',
269 silly addNameRange     '0.4.18',
269 silly addNameRange     '0.4.19',
269 silly addNameRange     '0.4.20',
269 silly addNameRange     '0.4.21',
269 silly addNameRange     '0.4.23',
269 silly addNameRange     '0.4.24',
269 silly addNameRange     '0.4.25',
269 silly addNameRange     '0.5.0',
269 silly addNameRange     '0.5.1',
269 silly addNameRange     '0.5.2',
269 silly addNameRange     '0.5.3',
269 silly addNameRange     '0.5.4',
269 silly addNameRange     '0.5.5',
269 silly addNameRange     '0.5.6',
269 silly addNameRange     '0.5.7',
269 silly addNameRange     '0.5.8',
269 silly addNameRange     '0.5.10',
269 silly addNameRange     '0.6.0',
269 silly addNameRange     '0.6.1',
269 silly addNameRange     '0.6.2',
269 silly addNameRange     '0.7.0-beta',
269 silly addNameRange     '0.7.0-beta2',
269 silly addNameRange     '0.7.0-beta3',
269 silly addNameRange     '0.7.0-beta4',
269 silly addNameRange     '0.7.0-beta5',
269 silly addNameRange     '0.7.0-beta6',
269 silly addNameRange     '0.7.0-beta7',
269 silly addNameRange     '0.7.0-beta8',
269 silly addNameRange     '0.7.0',
269 silly addNameRange     '0.7.1',
269 silly addNameRange     '0.7.2',
269 silly addNameRange     '0.7.3',
269 silly addNameRange     '0.7.4',
269 silly addNameRange     '0.7.5',
269 silly addNameRange     '0.7.6',
269 silly addNameRange     '0.7.7',
269 silly addNameRange     '0.7.8',
269 silly addNameRange     '0.7.9',
269 silly addNameRange     '0.7.11',
269 silly addNameRange     '0.7.12',
269 silly addNameRange     '0.7.13',
269 silly addNameRange     '0.7.14',
269 silly addNameRange     '0.7.15',
269 silly addNameRange     '0.7.16',
269 silly addNameRange     '0.7.17',
269 silly addNameRange     '0.8.0-beta1',
269 silly addNameRange     '0.8.0-beta2',
269 silly addNameRange     ... 407 more items ] ]
270 verbose stack Error: No compatible version found: webpack@'>=6.11.5 <7.0.0'
270 verbose stack Valid install targets:
270 verbose stack 0.1.0, 0.1.1, 0.1.2, 0.1.3, 0.1.4, 0.1.5, 0.1.6, 0.2.0, 0.2.1, 0.2.2, 0.2.3, 0.2.4, 0.2.6, 0.2.7, 0.2.8, 0.3.0, 0.3.1, 0.3.2, 0.3.3, 0.3.4, 0.3.6, 0.3.7, 0.3.8, 0.3.9, 0.3.10, 0.3.11, 0.3.12, 0.3.13, 0.3.14, 0.3.15, 0.3.16, 0.3.17, 0.3.18, 0.3.19, 0.3.20, 0.4.0, 0.4.1, 0.4.2, 0.4.3, 0.4.4, 0.4.5, 0.4.6, 0.4.7, 0.4.8, 0.4.9, 0.4.10, 0.4.11, 0.4.12, 0.4.13, 0.4.14, 0.4.15, 0.4.16, 0.4.17, 0.4.18, 0.4.19, 0.4.20, 0.4.21, 0.4.23, 0.4.24, 0.4.25, 0.5.0, 0.5.1, 0.5.2, 0.5.3, 0.5.4, 0.5.5, 0.5.6, 0.5.7, 0.5.8, 0.5.10, 0.6.0, 0.6.1, 0.6.2, 0.7.0-beta, 0.7.0-beta2, 0.7.0-beta3, 0.7.0-beta4, 0.7.0-beta5, 0.7.0-beta6, 0.7.0-beta7, 0.7.0-beta8, 0.7.0, 0.7.1, 0.7.2, 0.7.3, 0.7.4, 0.7.5, 0.7.6, 0.7.7, 0.7.8, 0.7.9, 0.7.11, 0.7.12, 0.7.13, 0.7.14, 0.7.15, 0.7.16, 0.7.17, 0.8.0-beta1, 0.8.0-beta2, 0.8.0-beta3, 0.8.0-beta4, 0.8.0, 0.8.2, 0.8.3, 0.9.0-beta1, 0.9.0-beta2, 0.9.0-beta4, 0.9.0-beta5, 0.9.0-beta6, 0.9.0-beta7, 0.9.0-beta8, 0.9.0-beta9, 0.9.0-beta10, 0.9.0-beta11, 0.9.0-beta12, 0.9.0-beta13, 0.9.0-beta14, 0.9.0-beta15, 0.9.0-beta16, 0.9.0-beta17, 0.9.0-beta18, 0.9.0-beta19, 0.9.0-beta20, 0.9.0-beta21, 0.9.0-beta22, 0.9.0-beta23, 0.9.0-beta24, 0.9.0-beta25, 0.9.0-beta26, 0.9.0-beta27, 0.9.0-beta28, 0.9.0-beta29, 0.9.0-beta30, 0.9.0-beta31, 0.9.0-beta32, 0.9.0-beta33, 0.9.0-beta34, 0.9.0-beta35, 0.9.0-beta36, 0.9.0-beta37, 0.9.0-beta38, 0.9.0, 0.9.1, 0.9.2, 0.9.3, 0.10.0-beta2, 0.10.0-beta3, 0.10.0-beta5, 0.10.0-beta6, 0.10.0-beta7, 0.10.0-beta8, 0.10.0-beta9, 0.10.0-beta10, 0.10.0-beta11, 0.10.0-beta12, 0.10.0-beta13, 0.10.0-beta14, 0.10.0-beta15, 0.10.0-beta16, 0.10.0-beta17, 0.10.0-beta18, 0.10.0-beta19, 0.10.0-beta20, 0.10.0-beta21, 0.10.0-beta22, 0.10.0-beta23, 0.10.0-beta24, 0.10.0-beta25, 0.10.0, 0.11.0-beta1, 0.11.0-beta2, 0.11.0-beta3, 0.11.0-beta4, 0.11.0-beta5, 0.11.0-beta6, 0.11.0-beta7, 0.11.0-beta8, 0.11.0-beta9, 0.11.0-beta10, 0.11.0-beta11, 0.11.0-beta12, 0.11.0-beta13, 0.11.0-beta14, 0.11.0-beta15, 0.11.0-beta16, 0.11.0-beta17, 0.11.0-beta18, 0.11.0-beta19, 0.11.0-beta20, 0.11.0-beta21, 0.11.0-beta22, 0.11.0-beta23, 0.11.0-beta24, 0.11.0-beta25, 0.11.0-beta26, 0.11.0-beta27, 0.11.0-beta28, 0.11.0-beta29, 0.11.0, 0.11.1, 0.11.2, 0.11.3, 0.11.4, 0.11.5, 0.11.6, 0.11.7, 0.11.8, 0.11.9, 0.11.10, 0.11.11, 0.11.12, 0.11.13, 0.11.14, 0.11.15, 1.0.0-beta1, 1.0.0-beta2, 1.0.0-beta3, 1.0.0-beta4, 0.11.16, 0.11.17, 0.11.18, 1.0.0-beta5, 1.0.0-beta6, 1.0.0-beta7, 1.0.0-beta8, 1.0.0-beta9, 1.0.0-rc1, 1.0.0-rc2, 1.0.0-rc3, 1.0.0-rc4, 1.0.0-rc5, 1.0.0-rc7, 1.0.0-rc8, 1.0.0-rc9, 1.0.0-rc11, 1.0.0-rc12, 1.0.0, 1.0.1, 1.0.3, 1.0.4, 1.0.5, 1.1.0-beta1, 1.1.0-beta2, 1.1.0-beta3, 1.1.0-beta4, 1.1.0-beta5, 1.1.0-beta6, 1.1.0-beta7, 1.1.0-beta8, 1.1.0-beta9, 1.1.0-beta10, 1.1.0-beta12, 1.1.0, 1.1.1, 1.1.2, 1.1.3, 1.1.4, 1.1.5, 1.1.6, 1.1.7, 1.1.8, 1.1.9, 1.1.10, 1.1.11, 1.2.0-beta1, 1.2.0-beta2, 1.2.0-beta4, 1.2.0-beta5, 1.2.0-beta6, 1.3.0-beta1, 1.3.0-beta2, 1.3.0-beta3, 1.3.0-beta4, 1.3.0-beta5, 1.3.0-beta6, 1.3.0-beta7, 1.3.0-beta8, 1.3.0-beta9, 1.3.1-beta1, 1.3.1-beta2, 1.3.1-beta3, 1.3.1-beta4, 1.3.1-beta5, 1.3.1-beta6, 1.3.1-beta7, 1.3.1-beta8, 1.3.1-beta9, 1.3.2-beta1, 1.3.2-beta2, 1.3.2-beta3, 1.3.2-beta4, 1.3.2-beta5, 1.3.2-beta6, 1.3.2-beta7, 1.3.2-beta8, 1.3.2-beta9, 1.3.3-beta1, 1.3.3-beta2, 1.3.4, 1.3.5, 1.3.6, 1.3.7, 1.4.0-beta1, 1.4.0-beta2, 1.4.0-beta3, 1.4.0-beta4, 1.4.0-beta5, 1.4.0-beta6, 1.4.0-beta7, 1.4.0-beta8, 1.4.0-beta9, 1.4.0-beta10, 1.4.1-beta1, 1.4.2, 1.4.3, 1.4.4, 1.4.5, 1.4.6, 1.4.7, 1.4.8, 1.4.9, 1.4.10, 1.4.11, 1.4.12, 1.4.13, 1.4.14, 1.4.15, 1.5.0, 1.5.1, 1.5.2, 1.5.3, 1.6.0, 1.7.0, 1.7.1, 1.7.2, 1.7.3, 1.8.0, 1.8.1, 1.8.2, 1.8.3, 1.8.4, 1.8.5, 1.8.6, 1.8.7, 1.8.8, 1.8.9, 1.8.10, 1.8.11, 1.9.0, 1.9.1, 1.9.2, 1.9.3, 1.9.4, 1.9.5, 1.9.6, 1.9.7, 1.9.8, 1.9.9, 1.9.10, 1.9.11, 1.9.12, 1.9.13, 1.10.0, 1.10.1, 1.10.2, 1.10.3, 1.10.4, 1.10.5, 1.11.0, 1.12.0, 1.12.1, 1.12.2, 2.0.0-beta, 1.12.3, 1.12.4, 1.12.5, 1.12.6, 1.12.7, 1.12.8, 1.12.9, 2.0.1-beta, 2.0.2-beta, 1.12.10, 1.12.11, 2.0.4-beta, 1.12.12, 2.0.5-beta, 2.0.6-beta, 2.0.7-beta, 1.12.13, 2.1.0-beta.0, 2.1.0-beta.1, 2.1.0-beta.2, 1.12.14, 2.1.0-beta.3, 2.1.0-beta.4, 2.1.0-beta.5, 1.12.15, 1.13.0, 2.1.0-beta.6, 2.1.0-beta.7, 1.13.1, 2.1.0-beta.8, 2.1.0-beta.9, 2.1.0-beta.10, 2.1.0-beta.11, 2.1.0-beta.12, 2.1.0-beta.13, 2.1.0-beta.14, 2.1.0-beta.15, 2.1.0-beta.16, 2.1.0-beta.17, 2.1.0-beta.18, 2.1.0-beta.19, 2.1.0-beta.20, 2.1.0-beta.21, 1.13.2, 2.1.0-beta.22, 2.1.0-beta.23, 2.1.0-beta.24, 2.1.0-beta.25, 1.13.3, 2.1.0-beta.26, 2.1.0-beta.27, 1.14.0, 2.1.0-beta.28, 2.2.0-rc.0, 2.2.0-rc.1, 2.2.0-rc.2, 2.2.0-rc.3, 2.2.0-rc.4, 2.2.0-rc.5, 2.2.0-rc.6, 2.2.0-rc.7, 2.2.0-rc.8, 2.2.0, 2.2.1, 2.3.0, 2.3.1, 2.3.2, 2.3.3, 1.15.0, 2.4.0, 2.4.1, 2.5.0, 2.5.1, 2.6.0, 2.6.1, 3.0.0-rc.0, 3.0.0-rc.1, 3.0.0-rc.2, 3.0.0, 3.1.0, 3.2.0, 2.7.0, 3.3.0, 3.4.0, 3.4.1, 3.5.0, 3.5.1, 3.5.2, 3.5.3, 3.5.4, 3.5.5, 3.5.6, 3.6.0, 3.7.0, 3.7.1, 3.8.0, 3.8.1, 3.9.0, 3.9.1, 3.10.0, 4.0.0-alpha.0, 4.0.0-alpha.1, 4.0.0-alpha.2, 4.0.0-alpha.3, 4.0.0-alpha.4, 4.0.0-alpha.5, 4.0.0-beta.0, 4.0.0-beta.1, 3.11.0, 4.0.0-beta.2, 4.0.0-beta.3, 4.0.0, 4.0.1, 4.1.0, 4.1.1, 4.2.0, 4.3.0, 4.4.0, 4.4.1, 4.5.0, 4.6.0, 4.7.0, 4.8.0, 4.8.1, 3.12.0, 4.8.2, 4.8.3, 4.9.0, 4.9.1, 4.9.2, 4.10.0, 4.10.1, 4.10.2
270 verbose stack
270 verbose stack     at installTargetsError (/Users/yun/.nvm/versions/node/v6.10.2/lib/node_modules/npm/lib/cache/add-named.js:292:12)
270 verbose stack     at next (/Users/yun/.nvm/versions/node/v6.10.2/lib/node_modules/npm/lib/cache/add-named.js:270:19)
270 verbose stack     at setData (/Users/yun/.nvm/versions/node/v6.10.2/lib/node_modules/npm/lib/cache/add-named.js:242:5)
270 verbose stack     at RES (/Users/yun/.nvm/versions/node/v6.10.2/lib/node_modules/npm/node_modules/inflight/inflight.js:23:14)
270 verbose stack     at f (/Users/yun/.nvm/versions/node/v6.10.2/lib/node_modules/npm/node_modules/once/once.js:25:25)
270 verbose stack     at fixName (/Users/yun/.nvm/versions/node/v6.10.2/lib/node_modules/npm/lib/cache/add-named.js:30:5)
270 verbose stack     at /Users/yun/.nvm/versions/node/v6.10.2/lib/node_modules/npm/lib/utils/pulse-till-done.js:20:8
270 verbose stack     at CachingRegistryClient.get_ (/Users/yun/.nvm/versions/node/v6.10.2/lib/node_modules/npm/lib/cache/caching-client.js:126:16)
270 verbose stack     at /Users/yun/.nvm/versions/node/v6.10.2/lib/node_modules/npm/lib/cache/caching-client.js:91:14
270 verbose stack     at /Users/yun/.nvm/versions/node/v6.10.2/lib/node_modules/npm/node_modules/graceful-fs/graceful-fs.js:78:16
271 verbose cwd /Users/yun/Desktop/tforce_btc_trader/visualize/client
272 error Darwin 17.4.0
273 error argv "/Users/yun/.nvm/versions/node/v6.10.2/bin/node" "/Users/yun/.nvm/versions/node/v6.10.2/bin/npm" "update"
274 error node v6.10.2
275 error npm  v3.10.10
276 error code ETARGET
277 error notarget No compatible version found: webpack@'>=6.11.5 <7.0.0'
277 error notarget Valid install targets:
277 error notarget 0.1.0, 0.1.1, 0.1.2, 0.1.3, 0.1.4, 0.1.5, 0.1.6, 0.2.0, 0.2.1, 0.2.2, 0.2.3, 0.2.4, 0.2.6, 0.2.7, 0.2.8, 0.3.0, 0.3.1, 0.3.2, 0.3.3, 0.3.4, 0.3.6, 0.3.7, 0.3.8, 0.3.9, 0.3.10, 0.3.11, 0.3.12, 0.3.13, 0.3.14, 0.3.15, 0.3.16, 0.3.17, 0.3.18, 0.3.19, 0.3.20, 0.4.0, 0.4.1, 0.4.2, 0.4.3, 0.4.4, 0.4.5, 0.4.6, 0.4.7, 0.4.8, 0.4.9, 0.4.10, 0.4.11, 0.4.12, 0.4.13, 0.4.14, 0.4.15, 0.4.16, 0.4.17, 0.4.18, 0.4.19, 0.4.20, 0.4.21, 0.4.23, 0.4.24, 0.4.25, 0.5.0, 0.5.1, 0.5.2, 0.5.3, 0.5.4, 0.5.5, 0.5.6, 0.5.7, 0.5.8, 0.5.10, 0.6.0, 0.6.1, 0.6.2, 0.7.0-beta, 0.7.0-beta2, 0.7.0-beta3, 0.7.0-beta4, 0.7.0-beta5, 0.7.0-beta6, 0.7.0-beta7, 0.7.0-beta8, 0.7.0, 0.7.1, 0.7.2, 0.7.3, 0.7.4, 0.7.5, 0.7.6, 0.7.7, 0.7.8, 0.7.9, 0.7.11, 0.7.12, 0.7.13, 0.7.14, 0.7.15, 0.7.16, 0.7.17, 0.8.0-beta1, 0.8.0-beta2, 0.8.0-beta3, 0.8.0-beta4, 0.8.0, 0.8.2, 0.8.3, 0.9.0-beta1, 0.9.0-beta2, 0.9.0-beta4, 0.9.0-beta5, 0.9.0-beta6, 0.9.0-beta7, 0.9.0-beta8, 0.9.0-beta9, 0.9.0-beta10, 0.9.0-beta11, 0.9.0-beta12, 0.9.0-beta13, 0.9.0-beta14, 0.9.0-beta15, 0.9.0-beta16, 0.9.0-beta17, 0.9.0-beta18, 0.9.0-beta19, 0.9.0-beta20, 0.9.0-beta21, 0.9.0-beta22, 0.9.0-beta23, 0.9.0-beta24, 0.9.0-beta25, 0.9.0-beta26, 0.9.0-beta27, 0.9.0-beta28, 0.9.0-beta29, 0.9.0-beta30, 0.9.0-beta31, 0.9.0-beta32, 0.9.0-beta33, 0.9.0-beta34, 0.9.0-beta35, 0.9.0-beta36, 0.9.0-beta37, 0.9.0-beta38, 0.9.0, 0.9.1, 0.9.2, 0.9.3, 0.10.0-beta2, 0.10.0-beta3, 0.10.0-beta5, 0.10.0-beta6, 0.10.0-beta7, 0.10.0-beta8, 0.10.0-beta9, 0.10.0-beta10, 0.10.0-beta11, 0.10.0-beta12, 0.10.0-beta13, 0.10.0-beta14, 0.10.0-beta15, 0.10.0-beta16, 0.10.0-beta17, 0.10.0-beta18, 0.10.0-beta19, 0.10.0-beta20, 0.10.0-beta21, 0.10.0-beta22, 0.10.0-beta23, 0.10.0-beta24, 0.10.0-beta25, 0.10.0, 0.11.0-beta1, 0.11.0-beta2, 0.11.0-beta3, 0.11.0-beta4, 0.11.0-beta5, 0.11.0-beta6, 0.11.0-beta7, 0.11.0-beta8, 0.11.0-beta9, 0.11.0-beta10, 0.11.0-beta11, 0.11.0-beta12, 0.11.0-beta13, 0.11.0-beta14, 0.11.0-beta15, 0.11.0-beta16, 0.11.0-beta17, 0.11.0-beta18, 0.11.0-beta19, 0.11.0-beta20, 0.11.0-beta21, 0.11.0-beta22, 0.11.0-beta23, 0.11.0-beta24, 0.11.0-beta25, 0.11.0-beta26, 0.11.0-beta27, 0.11.0-beta28, 0.11.0-beta29, 0.11.0, 0.11.1, 0.11.2, 0.11.3, 0.11.4, 0.11.5, 0.11.6, 0.11.7, 0.11.8, 0.11.9, 0.11.10, 0.11.11, 0.11.12, 0.11.13, 0.11.14, 0.11.15, 1.0.0-beta1, 1.0.0-beta2, 1.0.0-beta3, 1.0.0-beta4, 0.11.16, 0.11.17, 0.11.18, 1.0.0-beta5, 1.0.0-beta6, 1.0.0-beta7, 1.0.0-beta8, 1.0.0-beta9, 1.0.0-rc1, 1.0.0-rc2, 1.0.0-rc3, 1.0.0-rc4, 1.0.0-rc5, 1.0.0-rc7, 1.0.0-rc8, 1.0.0-rc9, 1.0.0-rc11, 1.0.0-rc12, 1.0.0, 1.0.1, 1.0.3, 1.0.4, 1.0.5, 1.1.0-beta1, 1.1.0-beta2, 1.1.0-beta3, 1.1.0-beta4, 1.1.0-beta5, 1.1.0-beta6, 1.1.0-beta7, 1.1.0-beta8, 1.1.0-beta9, 1.1.0-beta10, 1.1.0-beta12, 1.1.0, 1.1.1, 1.1.2, 1.1.3, 1.1.4, 1.1.5, 1.1.6, 1.1.7, 1.1.8, 1.1.9, 1.1.10, 1.1.11, 1.2.0-beta1, 1.2.0-beta2, 1.2.0-beta4, 1.2.0-beta5, 1.2.0-beta6, 1.3.0-beta1, 1.3.0-beta2, 1.3.0-beta3, 1.3.0-beta4, 1.3.0-beta5, 1.3.0-beta6, 1.3.0-beta7, 1.3.0-beta8, 1.3.0-beta9, 1.3.1-beta1, 1.3.1-beta2, 1.3.1-beta3, 1.3.1-beta4, 1.3.1-beta5, 1.3.1-beta6, 1.3.1-beta7, 1.3.1-beta8, 1.3.1-beta9, 1.3.2-beta1, 1.3.2-beta2, 1.3.2-beta3, 1.3.2-beta4, 1.3.2-beta5, 1.3.2-beta6, 1.3.2-beta7, 1.3.2-beta8, 1.3.2-beta9, 1.3.3-beta1, 1.3.3-beta2, 1.3.4, 1.3.5, 1.3.6, 1.3.7, 1.4.0-beta1, 1.4.0-beta2, 1.4.0-beta3, 1.4.0-beta4, 1.4.0-beta5, 1.4.0-beta6, 1.4.0-beta7, 1.4.0-beta8, 1.4.0-beta9, 1.4.0-beta10, 1.4.1-beta1, 1.4.2, 1.4.3, 1.4.4, 1.4.5, 1.4.6, 1.4.7, 1.4.8, 1.4.9, 1.4.10, 1.4.11, 1.4.12, 1.4.13, 1.4.14, 1.4.15, 1.5.0, 1.5.1, 1.5.2, 1.5.3, 1.6.0, 1.7.0, 1.7.1, 1.7.2, 1.7.3, 1.8.0, 1.8.1, 1.8.2, 1.8.3, 1.8.4, 1.8.5, 1.8.6, 1.8.7, 1.8.8, 1.8.9, 1.8.10, 1.8.11, 1.9.0, 1.9.1, 1.9.2, 1.9.3, 1.9.4, 1.9.5, 1.9.6, 1.9.7, 1.9.8, 1.9.9, 1.9.10, 1.9.11, 1.9.12, 1.9.13, 1.10.0, 1.10.1, 1.10.2, 1.10.3, 1.10.4, 1.10.5, 1.11.0, 1.12.0, 1.12.1, 1.12.2, 2.0.0-beta, 1.12.3, 1.12.4, 1.12.5, 1.12.6, 1.12.7, 1.12.8, 1.12.9, 2.0.1-beta, 2.0.2-beta, 1.12.10, 1.12.11, 2.0.4-beta, 1.12.12, 2.0.5-beta, 2.0.6-beta, 2.0.7-beta, 1.12.13, 2.1.0-beta.0, 2.1.0-beta.1, 2.1.0-beta.2, 1.12.14, 2.1.0-beta.3, 2.1.0-beta.4, 2.1.0-beta.5, 1.12.15, 1.13.0, 2.1.0-beta.6, 2.1.0-beta.7, 1.13.1, 2.1.0-beta.8, 2.1.0-beta.9, 2.1.0-beta.10, 2.1.0-beta.11, 2.1.0-beta.12, 2.1.0-beta.13, 2.1.0-beta.14, 2.1.0-beta.15, 2.1.0-beta.16, 2.1.0-beta.17, 2.1.0-beta.18, 2.1.0-beta.19, 2.1.0-beta.20, 2.1.0-beta.21, 1.13.2, 2.1.0-beta.22, 2.1.0-beta.23, 2.1.0-beta.24, 2.1.0-beta.25, 1.13.3, 2.1.0-beta.26, 2.1.0-beta.27, 1.14.0, 2.1.0-beta.28, 2.2.0-rc.0, 2.2.0-rc.1, 2.2.0-rc.2, 2.2.0-rc.3, 2.2.0-rc.4, 2.2.0-rc.5, 2.2.0-rc.6, 2.2.0-rc.7, 2.2.0-rc.8, 2.2.0, 2.2.1, 2.3.0, 2.3.1, 2.3.2, 2.3.3, 1.15.0, 2.4.0, 2.4.1, 2.5.0, 2.5.1, 2.6.0, 2.6.1, 3.0.0-rc.0, 3.0.0-rc.1, 3.0.0-rc.2, 3.0.0, 3.1.0, 3.2.0, 2.7.0, 3.3.0, 3.4.0, 3.4.1, 3.5.0, 3.5.1, 3.5.2, 3.5.3, 3.5.4, 3.5.5, 3.5.6, 3.6.0, 3.7.0, 3.7.1, 3.8.0, 3.8.1, 3.9.0, 3.9.1, 3.10.0, 4.0.0-alpha.0, 4.0.0-alpha.1, 4.0.0-alpha.2, 4.0.0-alpha.3, 4.0.0-alpha.4, 4.0.0-alpha.5, 4.0.0-beta.0, 4.0.0-beta.1, 3.11.0, 4.0.0-beta.2, 4.0.0-beta.3, 4.0.0, 4.0.1, 4.1.0, 4.1.1, 4.2.0, 4.3.0, 4.4.0, 4.4.1, 4.5.0, 4.6.0, 4.7.0, 4.8.0, 4.8.1, 3.12.0, 4.8.2, 4.8.3, 4.9.0, 4.9.1, 4.9.2, 4.10.0, 4.10.1, 4.10.2
278 error notarget This is most likely not a problem with npm itself.
278 error notarget In most cases you or one of your dependencies are requesting
278 error notarget a package version that doesn't exist.
279 verbose exit [ 1, true ]
