Arguments:
  /Users/yun/.nvm/versions/node/v6.10.2/bin/node /Users/yun/.nvm/versions/node/v6.10.2/bin/yarn install

PATH:
  /Users/yun/.rvm/gems/ruby-2.3.1/bin:/Users/yun/.rvm/gems/ruby-2.3.1@global/bin:/Users/yun/.rvm/rubies/ruby-2.3.1/bin:~/Downloads/google-cloud-sdk/bin:/Users/yun/ImageMagick-7.0.1/bin:/Users/yun/Development/topsoil/bin:/Users/yun/Library/Android/sdk/tools:/Users/yun/Library/Android/sdk/platform-tools:/Users/yun/.nvm/versions/node/v6.10.2/bin:/usr/local/bin:/usr/local/sbin:/usr/local/share/npm/bin:/Users/yun/bin:/usr/local/bin:/usr/bin:/bin:/usr/sbin:/sbin:/opt/salt/bin:/usr/local/sbin:/usr/local/munki:/opt/X11/bin:/usr/local/sbin:/Users/yun/Development/go/bin:/Users/yun/.rvm/bin

Yarn version:
  1.5.1

Node version:
  6.10.2

Platform:
  darwin x64

npm manifest:
  {
    "name": "client",
    "version": "1.0.0",
    "description": "",
    "main": "App.js",
    "scripts": {
      "test": "echo \"Error: no test specified\" && exit 1",
      "start": "webpack-dev-server"
    },
    "author": "",
    "license": "ISC",
    "dependencies": {
      "babel-core": "^6.26.0",
      "babel-loader": "^7.1.2",
      "babel-preset-es2015": "^6.24.1",
      "babel-preset-react": "^6.24.1",
      "babel-preset-stage-0": "^6.24.1",
      "d3": "^4.12.0",
      "d3-tip": "^0.7.1",
      "immutability-helper": "^2.5.1",
      "lodash": "^4.17.4",
      "react": "^16.2.0",
      "react-dom": "^16.2.0",
      "react-table": "^6.7.4",
      "uuid": "^3.1.0"
    },
    "devDependencies": {
      "css-loader": "^0.28.7",
      "style-loader": "^0.19.0",
      "webpack": "^6.11.5"
    }
  }

yarn manifest:
  No manifest

Lockfile:
  No lockfile

Trace:
  Error: Found incompatible module
      at MessageError.Error (native)
      at new MessageError (/Users/yun/.nvm/versions/node/v6.10.2/lib/node_modules/yarn/lib/cli.js:186:110)
      at checkOne (/Users/yun/.nvm/versions/node/v6.10.2/lib/node_modules/yarn/lib/cli.js:62444:11)
      at Object.check (/Users/yun/.nvm/versions/node/v6.10.2/lib/node_modules/yarn/lib/cli.js:62463:5)
      at /Users/yun/.nvm/versions/node/v6.10.2/lib/node_modules/yarn/lib/cli.js:22803:73
      at next (native)
      at step (/Users/yun/.nvm/versions/node/v6.10.2/lib/node_modules/yarn/lib/cli.js:98:30)
      at /Users/yun/.nvm/versions/node/v6.10.2/lib/node_modules/yarn/lib/cli.js:109:13
